2022-08-24 19:59:03:593 - [32minfo[39m: [32mAPI rodando na porta http://localhost:5000[39m
2022-08-24 19:59:12:5912 - [32minfo[39m: [32mAPI rodando na porta http://localhost:5000[39m
2022-08-24 19:59:28:5928 - [32minfo[39m: [32mAPI rodando na porta http://localhost:5000[39m
2022-08-24 19:59:47:5947 - [32minfo[39m: [32mAPI rodando na porta http://localhost:5000[39m
2022-08-24 20:01:13:113 - [32minfo[39m: [32mAPI rodando na porta http://localhost:5000[39m
2022-08-24 20:07:12:712 - [32minfo[39m: [32mAPI rodando na porta http://localhost:5000[39m
2022-08-24 20:07:18:718 - [32minfo[39m: [32mAPI rodando na porta http://localhost:5000[39m
2022-08-24 20:08:17:817 - [32minfo[39m: [32mAPI rodando na porta http://localhost:5000[39m
2022-08-24 20:08:46:846 - [32minfo[39m: [32mAPI rodando na porta http://localhost:5000[39m
[32m{[39m
[32m  message: 'API rodando na porta http://localhost:5000',[39m
[32m  level: 'info',[39m
[32m  timestamp: '2022-08-24T23:35:10.615Z'[39m
[32m}[39m
[31m{[39m
[31m  message: 'Some',[39m
[31m  level: 'error',[39m
[31m  timestamp: '2022-08-24T23:35:20.483Z'[39m
[31m}[39m
[32m{[39m
[32m  message: 'API rodando na porta http://localhost:5000',[39m
[32m  level: 'info',[39m
[32m  timestamp: '2022-08-24T23:35:20.486Z'[39m
[32m}[39m
[31m{[39m
[31m  message: 'Some',[39m
[31m  level: 'error',[39m
[31m  timestamp: '2022-24-08 20:36:03:363'[39m
[31m}[39m
[32m{[39m
[32m  message: 'API rodando na porta http://localhost:5000',[39m
[32m  level: 'info',[39m
[32m  timestamp: '2022-24-08 20:36:03:363'[39m
[32m}[39m
[31m{[39m
[31m  message: 'Some',[39m
[31m  level: 'error',[39m
[31m  timestamp: '2022-24-08 20:36:19:3619'[39m
[31m}[39m
[32m{[39m
[32m  message: 'API rodando na porta http://localhost:5000',[39m
[32m  level: 'info',[39m
[32m  timestamp: '2022-24-08 20:36:19:3619'[39m
[32m}[39m
[31m{[39m
[31m  message: 'Some',[39m
[31m  level: 'error',[39m
[31m  timestamp: '2022-24-08 20:36:31:3631'[39m
[31m}[39m
[33m{[39m
[33m  message: 'Some',[39m
[33m  level: 'warn',[39m
[33m  timestamp: '2022-24-08 20:36:31:3631'[39m
[33m}[39m
[32m{[39m
[32m  message: 'API rodando na porta http://localhost:5000',[39m
[32m  level: 'info',[39m
[32m  timestamp: '2022-24-08 20:36:31:3631'[39m
[32m}[39m
[31m{[39m
[31m  message: 'Some',[39m
[31m  level: 'error',[39m
[31m  timestamp: '2022-24-08 20:36:37:3637'[39m
[31m}[39m
[33m{[39m
[33m  message: 'Some',[39m
[33m  level: 'warn',[39m
[33m  timestamp: '2022-24-08 20:36:37:3637'[39m
[33m}[39m
[32m{[39m
[32m  message: 'API rodando na porta http://localhost:5000',[39m
[32m  level: 'info',[39m
[32m  timestamp: '2022-24-08 20:36:37:3637'[39m
[32m}[39m
[31m{[39m
[31m  message: 'Some',[39m
[31m  level: 'error',[39m
[31m  timestamp: '2022-24-08 20:36:38:3638'[39m
[31m}[39m
[33m{[39m
[33m  message: 'Some',[39m
[33m  level: 'warn',[39m
[33m  timestamp: '2022-24-08 20:36:38:3638'[39m
[33m}[39m
[32m{[39m
[32m  message: 'API rodando na porta http://localhost:5000',[39m
[32m  level: 'info',[39m
[32m  timestamp: '2022-24-08 20:36:38:3638'[39m
[32m}[39m
[31m{[39m
[31m  message: 'Some',[39m
[31m  level: 'error',[39m
[31m  timestamp: '2022-24-08 20:37:18:3718'[39m
[31m}[39m
[33m{[39m
[33m  message: 'Some',[39m
[33m  level: 'warn',[39m
[33m  timestamp: '2022-24-08 20:37:18:3718'[39m
[33m}[39m
[35m{[39m
[35m  message: '200',[39m
[35m  level: 'http',[39m
[35m  timestamp: '2022-24-08 20:37:18:3718'[39m
[35m}[39m
[32m{[39m
[32m  message: 'API rodando na porta http://localhost:5000',[39m
[32m  level: 'info',[39m
[32m  timestamp: '2022-24-08 20:37:18:3718'[39m
[32m}[39m
[31m{[39m
[31m  message: 'Some',[39m
[31m  level: 'error',[39m
[31m  timestamp: '2022-24-08 20:39:37:3937'[39m
[31m}[39m
[33m{[39m
[33m  message: 'Some',[39m
[33m  level: 'warn',[39m
[33m  timestamp: '2022-24-08 20:39:37:3937'[39m
[33m}[39m
[35m{[39m
[35m  message: '200',[39m
[35m  level: 'http',[39m
[35m  timestamp: '2022-24-08 20:39:37:3937'[39m
[35m}[39m
[32m{[39m
[32m  message: 'API rodando na porta http://localhost:5000',[39m
[32m  level: 'info',[39m
[32m  timestamp: '2022-24-08 20:39:37:3937'[39m
[32m}[39m
[31m{[39m
[31m  message: 'Some',[39m
[31m  level: 'error',[39m
[31m  timestamp: '2022-24-08 20:39:55:3955'[39m
[31m}[39m
[33m{[39m
[33m  message: 'Some',[39m
[33m  level: 'warn',[39m
[33m  timestamp: '2022-24-08 20:39:55:3955'[39m
[33m}[39m
[35m{[39m
[35m  message: '200',[39m
[35m  level: 'http',[39m
[35m  timestamp: '2022-24-08 20:39:55:3955'[39m
[35m}[39m
[32m{[39m
[32m  message: 'API rodando na porta http://localhost:5000',[39m
[32m  level: 'info',[39m
[32m  timestamp: '2022-24-08 20:39:55:3955'[39m
[32m}[39m
[31m{[39m
[31m  message: 'Some',[39m
[31m  level: 'error',[39m
[31m  timestamp: '2022-24-08 20:40:37:4037'[39m
[31m}[39m
[33m{[39m
[33m  message: 'Some',[39m
[33m  level: 'warn',[39m
[33m  timestamp: '2022-24-08 20:40:37:4037'[39m
[33m}[39m
[35m{[39m
[35m  message: '200',[39m
[35m  level: 'http',[39m
[35m  timestamp: '2022-24-08 20:40:37:4037'[39m
[35m}[39m
[32m{[39m
[32m  message: 'API rodando na porta http://localhost:5000',[39m
[32m  level: 'info',[39m
[32m  timestamp: '2022-24-08 20:40:37:4037'[39m
[32m}[39m
[31m{[39m
[31m  message: 'Some',[39m
[31m  level: 'error',[39m
[31m  timestamp: '2022-24-08 20:40:45:4045'[39m
[31m}[39m
[33m{[39m
[33m  message: 'Some',[39m
[33m  level: 'warn',[39m
[33m  timestamp: '2022-24-08 20:40:45:4045'[39m
[33m}[39m
[35m{[39m
[35m  message: '200',[39m
[35m  level: 'http',[39m
[35m  timestamp: '2022-24-08 20:40:45:4045'[39m
[35m}[39m
[32m{[39m
[32m  message: 'API rodando na porta http://localhost:5000',[39m
[32m  level: 'info',[39m
[32m  timestamp: '2022-24-08 20:40:45:4045'[39m
[32m}[39m
[31m{[39m
[31m  message: 'Some',[39m
[31m  level: 'error',[39m
[31m  timestamp: '2022-24-08 20:42:09:429'[39m
[31m}[39m
[33m{[39m
[33m  message: 'Some',[39m
[33m  level: 'warn',[39m
[33m  timestamp: '2022-24-08 20:42:09:429'[39m
[33m}[39m
[35m{ message: '200', level: 'http', timestamp: '2022-24-08 20:42:09:429' }[39m
[32m{[39m
[32m  message: 'API rodando na porta http://localhost:5000',[39m
[32m  level: 'info',[39m
[32m  timestamp: '2022-24-08 20:42:09:429'[39m
[32m}[39m
[31m{[39m
[31m  message: 'Some',[39m
[31m  level: 'error',[39m
[31m  timestamp: '2022-24-08 20:42:11:4211'[39m
[31m}[39m
[33m{[39m
[33m  message: 'Some',[39m
[33m  level: 'warn',[39m
[33m  timestamp: '2022-24-08 20:42:11:4211'[39m
[33m}[39m
[35m{[39m
[35m  message: '200',[39m
[35m  level: 'http',[39m
[35m  timestamp: '2022-24-08 20:42:11:4211'[39m
[35m}[39m
[32m{[39m
[32m  message: 'API rodando na porta http://localhost:5000',[39m
[32m  level: 'info',[39m
[32m  timestamp: '2022-24-08 20:42:11:4211'[39m
[32m}[39m
[31m{[39m
[31m  message: 'Some',[39m
[31m  level: 'error',[39m
[31m  timestamp: '2022-24-08 20:42:22:4222'[39m
[31m}[39m
[33m{[39m
[33m  message: 'Some',[39m
[33m  level: 'warn',[39m
[33m  timestamp: '2022-24-08 20:42:22:4222'[39m
[33m}[39m
[35m{[39m
[35m  message: '200',[39m
[35m  level: 'http',[39m
[35m  timestamp: '2022-24-08 20:42:22:4222'[39m
[35m}[39m
[32m{[39m
[32m  message: 'API rodando na porta http://localhost:5000',[39m
[32m  level: 'info',[39m
[32m  timestamp: '2022-24-08 20:42:22:4222'[39m
[32m}[39m
[31m{[39m
[31m  message: 'Some',[39m
[31m  level: 'error',[39m
[31m  timestamp: '2022-24-08 20:42:54:4254'[39m
[31m}[39m
[33m{[39m
[33m  message: 'Some',[39m
[33m  level: 'warn',[39m
[33m  timestamp: '2022-24-08 20:42:54:4254'[39m
[33m}[39m
[35m{[39m
[35m  message: '200',[39m
[35m  level: 'http',[39m
[35m  timestamp: '2022-24-08 20:42:54:4254'[39m
[35m}[39m
[32m{[39m
[32m  message: 'API rodando na porta http://localhost:5000',[39m
[32m  level: 'info',[39m
[32m  timestamp: '2022-24-08 20:42:54:4254'[39m
[32m}[39m
[31m{[39m
[31m  message: 'Some',[39m
[31m  level: 'error',[39m
[31m  timestamp: '2022-24-08 20:45:19:4519'[39m
[31m}[39m
[33m{[39m
[33m  message: 'Some',[39m
[33m  level: 'warn',[39m
[33m  timestamp: '2022-24-08 20:45:19:4519'[39m
[33m}[39m
[35m{[39m
[35m  message: '200',[39m
[35m  level: 'http',[39m
[35m  timestamp: '2022-24-08 20:45:19:4519'[39m
[35m}[39m
[32m{[39m
[32m  message: 'API rodando na porta http://localhost:5000',[39m
[32m  level: 'info',[39m
[32m  timestamp: '2022-24-08 20:45:19:4519'[39m
[32m}[39m
[31m{[39m
[31m  message: 'Some',[39m
[31m  level: 'error',[39m
[31m  timestamp: '2022-24-08 20:45:22:4522'[39m
[31m}[39m
[33m{[39m
[33m  message: 'Some',[39m
[33m  level: 'warn',[39m
[33m  timestamp: '2022-24-08 20:45:22:4522'[39m
[33m}[39m
[35m{[39m
[35m  message: '200',[39m
[35m  level: 'http',[39m
[35m  timestamp: '2022-24-08 20:45:22:4522'[39m
[35m}[39m
[32m{[39m
[32m  message: 'API rodando na porta http://localhost:5000',[39m
[32m  level: 'info',[39m
[32m  timestamp: '2022-24-08 20:45:22:4522'[39m
[32m}[39m
[31m{[39m
[31m  message: 'Some',[39m
[31m  level: 'error',[39m
[31m  timestamp: '2022-24-08 20:45:24:4524'[39m
[31m}[39m
[33m{[39m
[33m  message: 'Some',[39m
[33m  level: 'warn',[39m
[33m  timestamp: '2022-24-08 20:45:24:4524'[39m
[33m}[39m
[35m{[39m
[35m  message: '200',[39m
[35m  level: 'http',[39m
[35m  timestamp: '2022-24-08 20:45:24:4524'[39m
[35m}[39m
[32m{[39m
[32m  message: 'API rodando na porta http://localhost:5000',[39m
[32m  level: 'info',[39m
[32m  timestamp: '2022-24-08 20:45:24:4524'[39m
[32m}[39m
[31m{[39m
[31m  message: 'Some',[39m
[31m  level: 'error',[39m
[31m  timestamp: '2022-24-08 20:45:41:4541'[39m
[31m}[39m
[33m{[39m
[33m  message: 'Some',[39m
[33m  level: 'warn',[39m
[33m  timestamp: '2022-24-08 20:45:41:4541'[39m
[33m}[39m
[35m{[39m
[35m  message: '200',[39m
[35m  level: 'http',[39m
[35m  timestamp: '2022-24-08 20:45:41:4541'[39m
[35m}[39m
[32m{[39m
[32m  message: 'API rodando na porta http://localhost:5000',[39m
[32m  level: 'info',[39m
[32m  timestamp: '2022-24-08 20:45:41:4541'[39m
[32m}[39m
[31m{[39m
[31m  message: 'Some',[39m
[31m  level: 'error',[39m
[31m  timestamp: '2022-24-08 20:46:55:4655'[39m
[31m}[39m
[33m{[39m
[33m  message: 'Some',[39m
[33m  level: 'warn',[39m
[33m  timestamp: '2022-24-08 20:46:55:4655'[39m
[33m}[39m
[35m{[39m
[35m  message: '200',[39m
[35m  level: 'http',[39m
[35m  timestamp: '2022-24-08 20:46:55:4655'[39m
[35m}[39m
[32m{[39m
[32m  message: 'API rodando na porta http://localhost:5000',[39m
[32m  level: 'info',[39m
[32m  timestamp: '2022-24-08 20:46:55:4655'[39m
[32m}[39m
[31m{[39m
[31m  message: 'Some',[39m
[31m  level: 'error',[39m
[31m  timestamp: '2022-24-08 20:47:05:475'[39m
[31m}[39m
[31m{[39m
[31m  message: 'Some',[39m
[31m  level: 'error',[39m
[31m  timestamp: '2022-24-08 20:47:32:4732'[39m
[31m}[39m
[31m{[39m
[31m  message: 'Some',[39m
[31m  level: 'error',[39m
[31m  timestamp: '2022-24-08 20:47:44:4744'[39m
[31m}[39m
[31m{[39m
[31m  message: 'Some',[39m
[31m  level: 'error',[39m
[31m  timestamp: '2022-24-08 20:47:51:4751'[39m
[31m}[39m
[33m{[39m
[33m  message: 'Some',[39m
[33m  level: 'warn',[39m
[33m  timestamp: '2022-24-08 20:47:51:4751'[39m
[33m}[39m
[35m{[39m
[35m  message: '200',[39m
[35m  level: 'http',[39m
[35m  timestamp: '2022-24-08 20:47:51:4751'[39m
[35m}[39m
[32m{[39m
[32m  message: 'API rodando na porta http://localhost:5000',[39m
[32m  level: 'info',[39m
[32m  timestamp: '2022-24-08 20:47:51:4751'[39m
[32m}[39m
[31m{[39m
[31m  message: 'Some',[39m
[31m  level: 'error',[39m
[31m  timestamp: '2022-24-08 20:47:58:4758'[39m
[31m}[39m
[33m{[39m
[33m  message: 'Some',[39m
[33m  level: 'warn',[39m
[33m  timestamp: '2022-24-08 20:47:58:4758'[39m
[33m}[39m
[35m{[39m
[35m  message: '200',[39m
[35m  level: 'http',[39m
[35m  timestamp: '2022-24-08 20:47:58:4758'[39m
[35m}[39m
[32m{[39m
[32m  message: 'API rodando na porta http://localhost:5000',[39m
[32m  level: 'info',[39m
[32m  timestamp: '2022-24-08 20:47:58:4758'[39m
[32m}[39m
[31m{[39m
[31m  message: 'Some',[39m
[31m  level: 'error',[39m
[31m  timestamp: '2022-24-08 20:48:15:4815'[39m
[31m}[39m
[33m{[39m
[33m  message: 'Some',[39m
[33m  level: 'warn',[39m
[33m  timestamp: '2022-24-08 20:48:15:4815'[39m
[33m}[39m
[35m{[39m
[35m  message: '200',[39m
[35m  level: 'http',[39m
[35m  timestamp: '2022-24-08 20:48:15:4815'[39m
[35m}[39m
[32m{[39m
[32m  message: 'API rodando na porta http://localhost:5000',[39m
[32m  level: 'info',[39m
[32m  timestamp: '2022-24-08 20:48:15:4815'[39m
[32m}[39m
[31m{[39m
[31m  message: 'Some',[39m
[31m  level: 'error',[39m
[31m  timestamp: '2022-24-08 20:50:51:5051'[39m
[31m}[39m
[33m{[39m
[33m  message: 'Some',[39m
[33m  level: 'warn',[39m
[33m  timestamp: '2022-24-08 20:50:51:5051'[39m
[33m}[39m
[35m{[39m
[35m  message: '200',[39m
[35m  level: 'http',[39m
[35m  timestamp: '2022-24-08 20:50:51:5051'[39m
[35m}[39m
[32m{[39m
[32m  message: 'API rodando na porta http://localhost:5000',[39m
[32m  level: 'info',[39m
[32m  timestamp: '2022-24-08 20:50:51:5051'[39m
[32m}[39m
[32m{[39m
[32m  message: 'API rodando na porta http://localhost:5000',[39m
[32m  level: 'info',[39m
[32m  timestamp: '2022-24-08 20:51:15:5115'[39m
[32m}[39m
[32m{[39m
[32m  message: 'API rodando na porta http://localhost:5000',[39m
[32m  level: 'info',[39m
[32m  timestamp: '2022-24-08 20:51:48:5148'[39m
[32m}[39m
[32m{[39m
[32m  message: 'API rodando na porta http://localhost:5000',[39m
[32m  level: 'info',[39m
[32m  timestamp: '2022-24-08 20:51:57:5157'[39m
[32m}[39m
[32m{[39m
[32m  message: 'API rodando na porta http://localhost:5000',[39m
[32m  level: 'info',[39m
[32m  timestamp: '2022-24-08 20:52:01:521'[39m
[32m}[39m
[32m{[39m
[32m  message: 'Conectou ao banco!!',[39m
[32m  level: 'info',[39m
[32m  timestamp: '2022-24-08 20:52:36:5236'[39m
[32m}[39m
[32m{[39m
[32m  message: 'API rodando na porta http://localhost:5000',[39m
[32m  level: 'info',[39m
[32m  timestamp: '2022-24-08 20:52:36:5236'[39m
[32m}[39m
[32m{[39m
[32m  message: 'Conectou ao banco!!',[39m
[32m  level: 'info',[39m
[32m  timestamp: '2022-24-08 20:52:38:5238'[39m
[32m}[39m
[32m{[39m
[32m  message: 'API rodando na porta http://localhost:5000',[39m
[32m  level: 'info',[39m
[32m  timestamp: '2022-24-08 20:52:38:5238'[39m
[32m}[39m
[32m2022-24-08 20:55:03:553 - info: Conectou ao banco!![39m
[32m2022-24-08 20:55:03:553 - info: API rodando na porta http://localhost:5000[39m
[31m2022-24-08 20:55:45:5545 - error: Não foi possível se conectar ao banco!![39m
[31m2022-24-08 20:55:45:5545 - error: Erro: MongoParseError: Invalid scheme, expected connection string to start with "mongodb://" or "mongodb+srv://"[39m
[32m2022-24-08 20:55:45:5545 - info: API rodando na porta http://localhost:5000[39m
[32m2022-24-08 20:55:47:5547 - info: Conectou ao banco!![39m
[32m2022-24-08 20:55:47:5547 - info: API rodando na porta http://localhost:5000[39m
[32m2022-24-08 20:56:16:5616 - info: Conectou ao banco!![39m
[32m2022-24-08 20:56:16:5616 - info: API rodando na porta http://localhost:5000[39m
[32m2022-24-08 20:56:26:5626 - info: Conectou ao banco!![39m
[32m2022-24-08 20:56:26:5626 - info: API rodando na porta http://localhost:5000[39m
[32m2022-24-08 21:02:49:249 - info: Conectou ao banco!![39m
[32m2022-24-08 21:02:49:249 - info: API rodando na porta http://localhost:5000[39m
[32m2022-24-08 21:03:09:39 - info: Conectou ao banco!![39m
[32m2022-24-08 21:03:09:39 - info: API rodando na porta http://localhost:5000[39m
[32m2022-24-08 21:03:18:318 - info: Conectou ao banco!![39m
[32m2022-24-08 21:03:18:318 - info: API rodando na porta http://localhost:5000[39m
[32m2022-24-08 21:03:42:342 - info: Conectou ao banco!![39m
[32m2022-24-08 21:03:42:342 - info: API rodando na porta http://localhost:5000[39m
[32m2022-24-08 21:04:07:47 - info: Conectou ao banco!![39m
[32m2022-24-08 21:04:07:47 - info: API rodando na porta http://localhost:5000[39m
[32m2022-24-08 21:04:15:415 - info: Conectou ao banco!![39m
[32m2022-24-08 21:04:15:415 - info: API rodando na porta http://localhost:5000[39m
[32m2022-24-08 21:04:17:417 - info: Conectou ao banco!![39m
[32m2022-24-08 21:04:17:417 - info: API rodando na porta http://localhost:5000[39m
[35m2022-24-08 21:04:21:421 - http: GET /api/test 200 18 - 2.057 ms[39m
[35m[39m
[32m2022-24-08 21:05:36:536 - info: Conectou ao banco!![39m
[32m2022-24-08 21:05:36:536 - info: API rodando na porta http://localhost:5000[39m
[32m2022-24-08 21:18:04:184 - info: Conectou ao banco!![39m
[32m2022-24-08 21:18:04:184 - info: API rodando na porta http://localhost:5000[39m
[35m2022-24-08 21:19:29:1929 - http: POST /api/movie 200 23 - 1.786 ms[39m
[35m[39m
[32m2022-28-08 21:35:55:3555 - info: Conectou ao banco!![39m
[32m2022-28-08 21:35:55:3555 - info: API rodando na porta http://localhost:5000[39m
[32m2022-28-08 21:36:36:3636 - info: Conectou ao banco!![39m
[32m2022-28-08 21:36:36:3636 - info: API rodando na porta http://localhost:5000[39m
[32m2022-28-08 21:37:04:374 - info: Conectou ao banco!![39m
[32m2022-28-08 21:37:04:374 - info: API rodando na porta http://localhost:5000[39m
[32m2022-28-08 21:37:19:3719 - info: Conectou ao banco!![39m
[32m2022-28-08 21:37:19:3719 - info: API rodando na porta http://localhost:5000[39m
[32m2022-28-08 21:37:24:3724 - info: Conectou ao banco!![39m
[32m2022-28-08 21:37:24:3724 - info: API rodando na porta http://localhost:5000[39m
[32m2022-28-08 21:38:02:382 - info: Conectou ao banco!![39m
[32m2022-28-08 21:38:02:382 - info: API rodando na porta http://localhost:5000[39m
[32m2022-28-08 21:38:22:3822 - info: Conectou ao banco!![39m
[32m2022-28-08 21:38:22:3822 - info: API rodando na porta http://localhost:5000[39m
[32m2022-28-08 21:38:35:3835 - info: Conectou ao banco!![39m
[32m2022-28-08 21:38:35:3835 - info: API rodando na porta http://localhost:5000[39m
[32m2022-28-08 21:39:49:3949 - info: Conectou ao banco!![39m
[32m2022-28-08 21:39:49:3949 - info: API rodando na porta http://localhost:5000[39m
[35m2022-28-08 21:41:29:4129 - http: POST /api/movie/create 201 224 - 13.047 ms[39m
[35m[39m
[32m2022-28-08 21:47:24:4724 - info: Conectou ao banco!![39m
[32m2022-28-08 21:47:24:4724 - info: API rodando na porta http://localhost:5000[39m
[32m2022-28-08 21:47:27:4727 - info: Conectou ao banco!![39m
[32m2022-28-08 21:47:27:4727 - info: API rodando na porta http://localhost:5000[39m
[32m2022-28-08 21:47:33:4733 - info: Conectou ao banco!![39m
[32m2022-28-08 21:47:33:4733 - info: API rodando na porta http://localhost:5000[39m
[32m2022-28-08 21:47:34:4734 - info: Conectou ao banco!![39m
[32m2022-28-08 21:47:34:4734 - info: API rodando na porta http://localhost:5000[39m
[32m2022-28-08 21:47:37:4737 - info: Conectou ao banco!![39m
[32m2022-28-08 21:47:37:4737 - info: API rodando na porta http://localhost:5000[39m
[32m2022-28-08 21:47:41:4741 - info: Conectou ao banco!![39m
[32m2022-28-08 21:47:41:4741 - info: API rodando na porta http://localhost:5000[39m
[32m2022-28-08 21:47:50:4750 - info: Conectou ao banco!![39m
[32m2022-28-08 21:47:50:4750 - info: API rodando na porta http://localhost:5000[39m
[35m2022-28-08 21:57:51:5751 - http: POST /api/movie/create 201 249 - 12.724 ms[39m
[35m[39m
[35m2022-28-08 21:59:22:5922 - http: POST /api/movie/create 201 249 - 3.236 ms[39m
[35m[39m
[32m2022-28-08 22:00:20:020 - info: Conectou ao banco!![39m
[32m2022-28-08 22:00:20:020 - info: API rodando na porta http://localhost:5000[39m
[32m2022-28-08 22:00:27:027 - info: Conectou ao banco!![39m
[32m2022-28-08 22:00:27:027 - info: API rodando na porta http://localhost:5000[39m
[35m2022-28-08 22:00:31:031 - http: POST /api/movie/create 422 55 - 4.969 ms[39m
[35m[39m
[35m2022-28-08 22:00:42:042 - http: POST /api/movie/create 201 301 - 14.105 ms[39m
[35m[39m
[32m2022-28-08 22:02:33:233 - info: Conectou ao banco!![39m
[32m2022-28-08 22:02:33:233 - info: API rodando na porta http://localhost:5000[39m
[32m2022-28-08 22:02:39:239 - info: Conectou ao banco!![39m
[32m2022-28-08 22:02:39:239 - info: API rodando na porta http://localhost:5000[39m
[32m2022-28-08 22:02:56:256 - info: Conectou ao banco!![39m
[32m2022-28-08 22:02:56:256 - info: API rodando na porta http://localhost:5000[39m
[32m2022-28-08 22:03:00:30 - info: Conectou ao banco!![39m
[32m2022-28-08 22:03:00:30 - info: API rodando na porta http://localhost:5000[39m
[32m2022-28-08 22:03:29:329 - info: Conectou ao banco!![39m
[32m2022-28-08 22:03:29:329 - info: API rodando na porta http://localhost:5000[39m
[32m2022-28-08 22:03:52:352 - info: Conectou ao banco!![39m
[32m2022-28-08 22:03:52:352 - info: API rodando na porta http://localhost:5000[39m
[32m2022-28-08 22:04:35:435 - info: Conectou ao banco!![39m
[32m2022-28-08 22:04:35:435 - info: API rodando na porta http://localhost:5000[39m
[32m2022-28-08 22:05:04:54 - info: Conectou ao banco!![39m
[32m2022-28-08 22:05:04:54 - info: API rodando na porta http://localhost:5000[39m
[35m2022-28-08 22:06:10:610 - http: GET /api/movie/630c0fbaa054e7488802951e - - - - ms[39m
[35m[39m
[32m2022-28-08 22:07:39:739 - info: Conectou ao banco!![39m
[32m2022-28-08 22:07:39:739 - info: API rodando na porta http://localhost:5000[39m
[35m2022-28-08 22:07:41:741 - http: GET /api/movie/630c0fbaa054e7488802951e 200 301 - 10.527 ms[39m
[35m[39m
[32m2022-28-08 22:08:50:850 - info: Conectou ao banco!![39m
[32m2022-28-08 22:08:50:850 - info: API rodando na porta http://localhost:5000[39m
[32m2022-28-08 22:09:28:928 - info: Conectou ao banco!![39m
[32m2022-28-08 22:09:28:928 - info: API rodando na porta http://localhost:5000[39m
[32m2022-28-08 22:09:31:931 - info: Conectou ao banco!![39m
[32m2022-28-08 22:09:31:931 - info: API rodando na porta http://localhost:5000[39m
[32m2022-28-08 22:09:56:956 - info: Conectou ao banco!![39m
[32m2022-28-08 22:09:56:956 - info: API rodando na porta http://localhost:5000[39m
[32m2022-28-08 22:10:06:106 - info: Conectou ao banco!![39m
[32m2022-28-08 22:10:06:106 - info: API rodando na porta http://localhost:5000[39m
[32m2022-28-08 22:10:07:107 - info: Conectou ao banco!![39m
[32m2022-28-08 22:10:07:107 - info: API rodando na porta http://localhost:5000[39m
[32m2022-28-08 22:10:19:1019 - info: Conectou ao banco!![39m
[32m2022-28-08 22:10:19:1019 - info: API rodando na porta http://localhost:5000[39m
[32m2022-28-08 22:10:45:1045 - info: Conectou ao banco!![39m
[32m2022-28-08 22:10:45:1045 - info: API rodando na porta http://localhost:5000[39m
[35m2022-28-08 22:12:11:1211 - http: POST /api/movie/create 422 55 - 5.427 ms[39m
[35m[39m
[35m2022-28-08 22:12:35:1235 - http: POST /api/movie/create 422 55 - 1.469 ms[39m
[35m[39m
[35m2022-28-08 22:13:17:1317 - http: POST /api/movie/create 422 55 - 1.326 ms[39m
[35m[39m
[35m2022-28-08 22:13:38:1338 - http: POST /api/movie/create 201 365 - 13.375 ms[39m
[35m[39m
[31m2022-28-08 22:14:09:149 - error: Erro no sistema Cast to ObjectId failed for value "movie" (type string) at path "_id" for model "Movie"[39m
[35m2022-28-08 22:14:09:149 - http: GET /api/movie/movie 500 64 - 3.768 ms[39m
[35m[39m
[31m2022-28-08 22:14:42:1442 - error: Erro no sistema Cast to ObjectId failed for value "movie" (type string) at path "_id" for model "Movie"[39m
[35m2022-28-08 22:14:42:1442 - http: GET /api/movie/movie 500 64 - 1.584 ms[39m
[35m[39m
[32m2022-28-08 22:15:11:1511 - info: Conectou ao banco!![39m
[32m2022-28-08 22:15:11:1511 - info: API rodando na porta http://localhost:5000[39m
[31m2022-28-08 22:15:14:1514 - error: Erro no sistema Cast to ObjectId failed for value "movie" (type string) at path "_id" for model "Movie"[39m
[35m2022-28-08 22:15:14:1514 - http: GET /api/movie/movie 500 64 - 5.549 ms[39m
[35m[39m
[35m2022-28-08 22:15:19:1519 - http: GET /api/movie/movie/seeAll 404 161 - 1.449 ms[39m
[35m[39m
[32m2022-28-08 22:15:36:1536 - info: Conectou ao banco!![39m
[32m2022-28-08 22:15:36:1536 - info: API rodando na porta http://localhost:5000[39m
[35m2022-28-08 22:15:38:1538 - http: GET /api/movie 200 1394 - 11.926 ms[39m
[35m[39m
[32m2022-28-08 22:17:53:1753 - info: Conectou ao banco!![39m
[32m2022-28-08 22:17:53:1753 - info: API rodando na porta http://localhost:5000[39m
[32m2022-28-08 22:18:24:1824 - info: Conectou ao banco!![39m
[32m2022-28-08 22:18:24:1824 - info: API rodando na porta http://localhost:5000[39m
[32m2022-28-08 22:18:31:1831 - info: Conectou ao banco!![39m
[32m2022-28-08 22:18:31:1831 - info: API rodando na porta http://localhost:5000[39m
[32m2022-28-08 22:19:08:198 - info: Conectou ao banco!![39m
[32m2022-28-08 22:19:08:198 - info: API rodando na porta http://localhost:5000[39m
[32m2022-28-08 22:19:36:1936 - info: Conectou ao banco!![39m
[32m2022-28-08 22:19:36:1936 - info: API rodando na porta http://localhost:5000[39m
[32m2022-28-08 22:20:01:201 - info: Conectou ao banco!![39m
[32m2022-28-08 22:20:01:201 - info: API rodando na porta http://localhost:5000[39m
[32m2022-28-08 22:20:15:2015 - info: Conectou ao banco!![39m
[32m2022-28-08 22:20:15:2015 - info: API rodando na porta http://localhost:5000[39m
[35m2022-28-08 22:20:28:2028 - http: GET /api/movie/630c0b394e416c9440972aa9 200 224 - 10.553 ms[39m
[35m[39m
[35m2022-28-08 22:20:39:2039 - http: DELETE /api/movie/630c0b394e416c9440972aa9 200 32 - 3.944 ms[39m
[35m[39m
[35m2022-28-08 22:20:44:2044 - http: GET /api/movie 200 1169 - 3.718 ms[39m
[35m[39m
[35m2022-28-08 22:20:50:2050 - http: DELETE /api/movie/630c0f0f310a36ebbf271e31 200 32 - 2.505 ms[39m
[35m[39m
[35m2022-28-08 22:20:53:2053 - http: GET /api/movie 200 919 - 2.433 ms[39m
[35m[39m
[35m2022-28-08 22:21:01:211 - http: DELETE /api/movie/630c0fbaa054e7488802951e 200 32 - 2.776 ms[39m
[35m[39m
[35m2022-28-08 22:21:03:213 - http: GET /api/movie 200 617 - 2.186 ms[39m
[35m[39m
[35m2022-28-08 22:21:08:218 - http: DELETE /api/movie/630c0f6a310a36ebbf271e33 200 32 - 2.510 ms[39m
[35m[39m
[35m2022-28-08 22:21:10:2110 - http: GET /api/movie 200 367 - 1.868 ms[39m
[35m[39m
[32m2022-28-08 22:21:20:2120 - info: Conectou ao banco!![39m
[32m2022-28-08 22:21:20:2120 - info: API rodando na porta http://localhost:5000[39m
[32m2022-28-08 22:22:37:2237 - info: Conectou ao banco!![39m
[32m2022-28-08 22:22:37:2237 - info: API rodando na porta http://localhost:5000[39m
[32m2022-28-08 22:22:40:2240 - info: Conectou ao banco!![39m
[32m2022-28-08 22:22:40:2240 - info: API rodando na porta http://localhost:5000[39m
[32m2022-28-08 22:22:53:2253 - info: Conectou ao banco!![39m
[32m2022-28-08 22:22:53:2253 - info: API rodando na porta http://localhost:5000[39m
[32m2022-28-08 22:23:40:2340 - info: Conectou ao banco!![39m
[32m2022-28-08 22:23:40:2340 - info: API rodando na porta http://localhost:5000[39m
[35m2022-28-08 22:24:17:2417 - http: GET /api/movie 200 367 - 9.766 ms[39m
[35m[39m
[32m2022-28-08 22:25:27:2527 - info: Conectou ao banco!![39m
[32m2022-28-08 22:25:27:2527 - info: API rodando na porta http://localhost:5000[39m
[32m2022-28-08 22:25:55:2555 - info: Conectou ao banco!![39m
[32m2022-28-08 22:25:55:2555 - info: API rodando na porta http://localhost:5000[39m
[32m2022-28-08 22:25:57:2557 - info: Conectou ao banco!![39m
[32m2022-28-08 22:25:57:2557 - info: API rodando na porta http://localhost:5000[39m
[32m2022-28-08 22:26:44:2644 - info: Conectou ao banco!![39m
[32m2022-28-08 22:26:44:2644 - info: API rodando na porta http://localhost:5000[39m
[32m2022-28-08 22:27:03:273 - info: Conectou ao banco!![39m
[32m2022-28-08 22:27:03:273 - info: API rodando na porta http://localhost:5000[39m
[32m2022-28-08 22:27:09:279 - info: Conectou ao banco!![39m
[32m2022-28-08 22:27:09:279 - info: API rodando na porta http://localhost:5000[39m
[35m2022-28-08 22:27:44:2744 - http: GET /api/movie/630c0fbaa054e7488802951e 404 31 - 7.968 ms[39m
[35m[39m
[35m2022-28-08 22:28:26:2826 - http: PUT /api/movie/630c12c245fc6ae60e850616 200 290 - 9.820 ms[39m
[35m[39m
[35m2022-28-08 22:28:31:2831 - http: GET /api/movie 200 413 - 3.361 ms[39m
[35m[39m
[32m2022-28-08 22:29:29:2929 - info: Conectou ao banco!![39m
[32m2022-28-08 22:29:29:2929 - info: API rodando na porta http://localhost:5000[39m
[32m2022-28-08 22:29:43:2943 - info: Conectou ao banco!![39m
[32m2022-28-08 22:29:43:2943 - info: API rodando na porta http://localhost:5000[39m
[32m2022-28-08 22:29:56:2956 - info: Conectou ao banco!![39m
[32m2022-28-08 22:29:56:2956 - info: API rodando na porta http://localhost:5000[39m
